time="2026-07-19T21:25:58+08:00" level=warning msg="registered a remote component but remoteService is not running! skipping..." source=pitaya
time="2026-07-19T21:25:58+08:00" level=info msg="registered handler connector.bind, isRawArg: false" source=pitaya
time="2026-07-19T21:25:58+08:00" level=info msg="registered handler connector.entry, isRawArg: false" source=pitaya
time="2026-07-19T21:25:58+08:00" level=info msg="registered handler room.join, isRawArg: false" source=pitaya
time="2026-07-19T21:25:58+08:00" level=info msg="registered handler room.leave, isRawArg: false" source=pitaya
time="2026-07-19T21:25:58+08:00" level=info msg="registered handler room.sync, isRawArg: false" source=pitaya
time="2026-07-19T21:25:58+08:00" level=info msg="registered handler dawugui.pass, isRawArg: false" source=pitaya
time="2026-07-19T21:25:58+08:00" level=info msg="registered handler liuzichong.move, isRawArg: false" source=pitaya
time="2026-07-19T21:25:58+08:00" level=info msg="registered handler room.ready, isRawArg: false" source=pitaya
time="2026-07-19T21:25:58+08:00" level=info msg="registered handler dawugui.playcards, isRawArg: false" source=pitaya
time="2026-07-19T21:25:58+08:00" level=info msg="starting server game:739c1cee-26b6-4cb1-a688-5f6dd9afba21" source=pitaya
time="2026-07-19T21:25:58+08:00" level=debug msg="PROXY protocol is disabled for inbound connections" source=pitaya
time="2026-07-19T21:25:58+08:00" level=info msg="Waiting for Acceptor *acceptor.WSAcceptor to start on addr :3250" source=pitaya
time="2026-07-19T21:25:58+08:00" level=info msg="Acceptor *acceptor.WSAcceptor on addr [::]:3250 is now accepting connections" source=pitaya
time="2026-07-19T21:25:58+08:00" level=debug msg="initializing all modules" source=pitaya
time="2026-07-19T21:25:58+08:00" level=info msg="all modules started!" source=pitaya
time="2026-07-19T21:27:21+08:00" level=debug msg="New session established" remote="[::1]:65023" session_id=1 source=pitaya uid=
time="2026-07-19T21:27:21+08:00" level=debug msg="Received handshake packet" source=pitaya
time="2026-07-19T21:27:21+08:00" level=debug msg="Session handshake Id=1, Remote=[::1]:65023" source=pitaya
time="2026-07-19T21:27:21+08:00" level=debug msg="Successfully saved handshake data" source=pitaya
time="2026-07-19T21:27:21+08:00" level=debug msg="Receive handshake ACK Id=1, Remote=[::1]:65023" source=pitaya
time="2026-07-19T21:27:21+08:00" level=debug msg="SID=1, Data=\n\x050.1.0\x12\x05cocos" requestId=9Vyyuq4T3NFw472nGAVOuU route=game.connector.entry source=pitaya userId=
time="2026-07-19T21:27:21+08:00" level=debug msg="responding message to session" bytes=9 mid=1 session_id=1 source=pitaya type=Push uid=
time="2026-07-19T21:27:21+08:00" level=debug msg="SID=1, Data=\n\xb4\x01eyJhbGciOiJIUzI1NiIsInR5cCI6IkpXVCJ9.eyJleHAiOjE3ODQ1NTQwMzIsImlhdCI6MTc4NDQ2NzYzMiwicm9sZSI6InBsYXllciIsInN1YiI6MiwidHlwIjoicGxheWVyIn0.KGulOvzafF2VSqtNcM98zqjRnRS81IK9qXN0twXs4XY" requestId=psFpkz739VnoNvfsfnUEXa route=game.connector.bind source=pitaya userId=
time="2026-07-19T21:27:21+08:00" level=debug msg="responding message to session" bytes=11 mid=2 session_id=1 source=pitaya type=Push uid=2
time="2026-07-19T21:27:21+08:00" level=debug msg="SID=1, Data=\n$dffab0cc-4eea-4deb-933a-7aac9a7ed33f" requestId=7fFOIBCUpC3qodQLOdJGjN route=game.room.join source=pitaya userId=2
time="2026-07-19T21:27:21+08:00" level=debug msg="Add user to group dffab0cc-4eea-4deb-933a-7aac9a7ed33f, UID=2" source=pitaya
time="2026-07-19T21:27:21+08:00" level=debug msg="Type=Broadcast Route=onRoomState, Data=header:{meta:{room_id:\"dffab0cc-4eea-4deb-933a-7aac9a7ed33f\" server_ts:1784467641913} game_id:\"liuzichong\"} phase:IDLE room_mode:ROOM_CARD players:{user_id:2 nickname:\"p2\" online:true} players:{user_id:9000000000000002 seat:1 nickname:\"bot_1\" ready:true online:true}" source=pitaya
time="2026-07-19T21:27:21+08:00" level=debug msg="Type=PushToUsers Route=onRoomState, Data=header:{meta:{room_id:\"dffab0cc-4eea-4deb-933a-7aac9a7ed33f\" server_ts:1784467641913} game_id:\"liuzichong\"} phase:IDLE room_mode:ROOM_CARD players:{user_id:2 nickname:\"p2\" online:true} players:{user_id:9000000000000002 seat:1 nickname:\"bot_1\" ready:true online:true}, SvType=game, #Users=1" source=pitaya
time="2026-07-19T21:27:21+08:00" level=debug msg="pushing message to session" bytes=99 route=onRoomState session_id=1 source=pitaya type=Push uid=2
time="2026-07-19T21:27:21+08:00" level=debug msg="responding message to session" bytes=86 mid=3 session_id=1 source=pitaya type=Push uid=2
time="2026-07-19T21:27:21+08:00" level=debug msg="SID=1, Data=\n$dffab0cc-4eea-4deb-933a-7aac9a7ed33f" requestId=14Awix05PESZhvWyQ8DXvg route=game.room.ready source=pitaya userId=2
time="2026-07-19T21:27:21+08:00" level=debug msg="Type=Broadcast Route=onBoardInit, Data=header:{meta:{audit_sn:7484599768371433472 action_seq:1 round_id:\"78d92260-24ab-4b43-bef1-7f163f9c9db5\" round_no:1 room_id:\"dffab0cc-4eea-4deb-933a-7aac9a7ed33f\" server_ts:1784467641926} game_id:\"liuzichong\"} cells:1 cells:1 cells:1 cells:1 cells:1 cells:0 cells:0 cells:1 cells:2 cells:0 cells:0 cells:2 cells:2 cells:2 cells:2 cells:2" source=pitaya
time="2026-07-19T21:27:21+08:00" level=debug msg="Type=PushToUsers Route=onBoardInit, Data=header:{meta:{audit_sn:7484599768371433472 action_seq:1 round_id:\"78d92260-24ab-4b43-bef1-7f163f9c9db5\" round_no:1 room_id:\"dffab0cc-4eea-4deb-933a-7aac9a7ed33f\" server_ts:1784467641926} game_id:\"liuzichong\"} cells:1 cells:1 cells:1 cells:1 cells:1 cells:0 cells:0 cells:1 cells:2 cells:0 cells:0 cells:2 cells:2 cells:2 cells:2 cells:2, SvType=game, #Users=1" source=pitaya
time="2026-07-19T21:27:21+08:00" level=debug msg="pushing message to session" bytes=131 route=onBoardInit session_id=1 source=pitaya type=Push uid=2
time="2026-07-19T21:27:21+08:00" level=debug msg="Type=Broadcast Route=onTurnNotify, Data=header:{meta:{audit_sn:7484599768409182208 action_seq:2 round_id:\"78d92260-24ab-4b43-bef1-7f163f9c9db5\" round_no:1 room_id:\"dffab0cc-4eea-4deb-933a-7aac9a7ed33f\" server_ts:1784467641928} game_id:\"liuzichong\"} timeout_ms:60000" source=pitaya
time="2026-07-19T21:27:21+08:00" level=debug msg="Type=PushToUsers Route=onTurnNotify, Data=header:{meta:{audit_sn:7484599768409182208 action_seq:2 round_id:\"78d92260-24ab-4b43-bef1-7f163f9c9db5\" round_no:1 room_id:\"dffab0cc-4eea-4deb-933a-7aac9a7ed33f\" server_ts:1784467641928} game_id:\"liuzichong\"} timeout_ms:60000, SvType=game, #Users=1" source=pitaya
time="2026-07-19T21:27:21+08:00" level=debug msg="pushing message to session" bytes=117 route=onTurnNotify session_id=1 source=pitaya type=Push uid=2
time="2026-07-19T21:27:21+08:00" level=debug msg="Type=Broadcast Route=onRoomState, Data=header:{meta:{round_no:1 room_id:\"dffab0cc-4eea-4deb-933a-7aac9a7ed33f\" server_ts:1784467641929} game_id:\"liuzichong\"} phase:PLAYING room_mode:ROOM_CARD players:{user_id:2 nickname:\"p2\" ready:true online:true} players:{user_id:9000000000000002 seat:1 nickname:\"bot_1\" ready:true online:true} round_no:1" source=pitaya
time="2026-07-19T21:27:21+08:00" level=debug msg="Type=PushToUsers Route=onRoomState, Data=header:{meta:{round_no:1 room_id:\"dffab0cc-4eea-4deb-933a-7aac9a7ed33f\" server_ts:1784467641929} game_id:\"liuzichong\"} phase:PLAYING room_mode:ROOM_CARD players:{user_id:2 nickname:\"p2\" ready:true online:true} players:{user_id:9000000000000002 seat:1 nickname:\"bot_1\" ready:true online:true} round_no:1, SvType=game, #Users=1" source=pitaya
time="2026-07-19T21:27:21+08:00" level=debug msg="pushing message to session" bytes=105 route=onRoomState session_id=1 source=pitaya type=Push uid=2
time="2026-07-19T21:27:21+08:00" level=debug msg="responding message to session" bytes=0 mid=4 session_id=1 source=pitaya type=Push uid=2
time="2026-07-19T21:28:21+08:00" level=debug msg="Type=Broadcast Route=onSettlement, Data=header:{meta:{audit_sn:7484600020075810816 action_seq:3 round_id:\"78d92260-24ab-4b43-bef1-7f163f9c9db5\" round_no:1 room_id:\"dffab0cc-4eea-4deb-933a-7aac9a7ed33f\" server_ts:1784467701933} game_id:\"liuzichong\"} round_id:\"78d92260-24ab-4b43-bef1-7f163f9c9db5\" is_valid:true winner_id:9000000000000002 scores:{user_id:2 rule_score:-1} scores:{user_id:9000000000000002 seat:1 rule_score:1}" source=pitaya
time="2026-07-19T21:28:21+08:00" level=debug msg="Type=PushToUsers Route=onSettlement, Data=header:{meta:{audit_sn:7484600020075810816 action_seq:3 round_id:\"78d92260-24ab-4b43-bef1-7f163f9c9db5\" round_no:1 room_id:\"dffab0cc-4eea-4deb-933a-7aac9a7ed33f\" server_ts:1784467701933} game_id:\"liuzichong\"} round_id:\"78d92260-24ab-4b43-bef1-7f163f9c9db5\" is_valid:true winner_id:9000000000000002 scores:{user_id:2 rule_score:-1} scores:{user_id:9000000000000002 seat:1 rule_score:1}, SvType=game, #Users=1" source=pitaya
time="2026-07-19T21:28:21+08:00" level=debug msg="pushing message to session" bytes=192 route=onSettlement session_id=1 source=pitaya type=Push uid=2
time="2026-07-19T21:29:43+08:00" level=error msg="Error reading next available message" error="websocket: close 1001 (going away)" remote="[::1]:65023" session_id=1 source=pitaya uid=
time="2026-07-19T21:29:43+08:00" level=debug msg="Session closed" remote_addr="[::1]:65023" session_id=1 source=pitaya uid=2
time="2026-07-19T21:29:43+08:00" level=debug msg="Session read goroutine exit" remote="[::1]:65023" session_id=1 source=pitaya uid=
time="2026-07-19T21:29:43+08:00" level=debug msg="Session handle goroutine exit" session_id=1 source=pitaya uid=2
time="2026-07-19T21:29:49+08:00" level=debug msg="New session established" remote="[::1]:50445" session_id=2 source=pitaya uid=
time="2026-07-19T21:29:49+08:00" level=debug msg="Received handshake packet" source=pitaya
time="2026-07-19T21:29:49+08:00" level=debug msg="Session handshake Id=2, Remote=[::1]:50445" source=pitaya
time="2026-07-19T21:29:49+08:00" level=debug msg="Successfully saved handshake data" source=pitaya
time="2026-07-19T21:29:49+08:00" level=debug msg="Receive handshake ACK Id=2, Remote=[::1]:50445" source=pitaya
time="2026-07-19T21:29:49+08:00" level=debug msg="SID=2, Data=\n\x050.1.0\x12\x05cocos" requestId=GYaz8Wdl7WcvO7W6e6Z2GM route=game.connector.entry source=pitaya userId=
time="2026-07-19T21:29:49+08:00" level=debug msg="responding message to session" bytes=9 mid=1 session_id=2 source=pitaya type=Push uid=
time="2026-07-19T21:29:49+08:00" level=debug msg="SID=2, Data=\n\xb4\x01eyJhbGciOiJIUzI1NiIsInR5cCI6IkpXVCJ9.eyJleHAiOjE3ODQ1NTQxODcsImlhdCI6MTc4NDQ2Nzc4Nywicm9sZSI6InBsYXllciIsInN1YiI6MiwidHlwIjoicGxheWVyIn0.IyIn9qpyxmFUPiPvWptCQ5tqsKdD2N25zWiV4km5tIY" requestId=fh1VKGmluD0LOOhjIFg1UN route=game.connector.bind source=pitaya userId=
time="2026-07-19T21:29:49+08:00" level=debug msg="responding message to session" bytes=11 mid=2 session_id=2 source=pitaya type=Push uid=2
time="2026-07-19T21:29:49+08:00" level=debug msg="SID=2, Data=\n$29a3a80d-7542-438e-bd2b-499c9feda810" requestId=q48q21sL6cnmnGpJoFLepe route=game.room.join source=pitaya userId=2
time="2026-07-19T21:29:49+08:00" level=debug msg="Add user to group 29a3a80d-7542-438e-bd2b-499c9feda810, UID=2" source=pitaya
time="2026-07-19T21:29:49+08:00" level=debug msg="Type=Broadcast Route=onRoomState, Data=header:{meta:{room_id:\"29a3a80d-7542-438e-bd2b-499c9feda810\" server_ts:1784467789275} game_id:\"liuzichong\"} phase:IDLE room_mode:ROOM_CARD players:{user_id:2 nickname:\"p2\" online:true} players:{user_id:9000000000000002 seat:1 nickname:\"bot_1\" ready:true online:true}" source=pitaya
time="2026-07-19T21:29:49+08:00" level=debug msg="Type=PushToUsers Route=onRoomState, Data=header:{meta:{room_id:\"29a3a80d-7542-438e-bd2b-499c9feda810\" server_ts:1784467789275} game_id:\"liuzichong\"} phase:IDLE room_mode:ROOM_CARD players:{user_id:2 nickname:\"p2\" online:true} players:{user_id:9000000000000002 seat:1 nickname:\"bot_1\" ready:true online:true}, SvType=game, #Users=1" source=pitaya
time="2026-07-19T21:29:49+08:00" level=debug msg="pushing message to session" bytes=99 route=onRoomState session_id=2 source=pitaya type=Push uid=2
time="2026-07-19T21:29:49+08:00" level=debug msg="responding message to session" bytes=86 mid=3 session_id=2 source=pitaya type=Push uid=2
time="2026-07-19T21:29:49+08:00" level=debug msg="SID=2, Data=\n$29a3a80d-7542-438e-bd2b-499c9feda810" requestId=OffPiNMjIcJYnRBaqOam1m route=game.room.ready source=pitaya userId=2
time="2026-07-19T21:29:49+08:00" level=debug msg="Type=Broadcast Route=onBoardInit, Data=header:{meta:{audit_sn:7484600386444070912 action_seq:1 round_id:\"25db51ca-6f2f-47d9-84d4-545d949d04ca\" round_no:1 room_id:\"29a3a80d-7542-438e-bd2b-499c9feda810\" server_ts:1784467789279} game_id:\"liuzichong\"} cells:1 cells:1 cells:1 cells:1 cells:1 cells:0 cells:0 cells:1 cells:2 cells:0 cells:0 cells:2 cells:2 cells:2 cells:2 cells:2" source=pitaya
time="2026-07-19T21:29:49+08:00" level=debug msg="Type=PushToUsers Route=onBoardInit, Data=header:{meta:{audit_sn:7484600386444070912 action_seq:1 round_id:\"25db51ca-6f2f-47d9-84d4-545d949d04ca\" round_no:1 room_id:\"29a3a80d-7542-438e-bd2b-499c9feda810\" server_ts:1784467789279} game_id:\"liuzichong\"} cells:1 cells:1 cells:1 cells:1 cells:1 cells:0 cells:0 cells:1 cells:2 cells:0 cells:0 cells:2 cells:2 cells:2 cells:2 cells:2, SvType=game, #Users=1" source=pitaya
time="2026-07-19T21:29:49+08:00" level=debug msg="pushing message to session" bytes=131 route=onBoardInit session_id=2 source=pitaya type=Push uid=2
time="2026-07-19T21:29:49+08:00" level=debug msg="Type=Broadcast Route=onTurnNotify, Data=header:{meta:{audit_sn:7484600386448265216 action_seq:2 round_id:\"25db51ca-6f2f-47d9-84d4-545d949d04ca\" round_no:1 room_id:\"29a3a80d-7542-438e-bd2b-499c9feda810\" server_ts:1784467789281} game_id:\"liuzichong\"} timeout_ms:60000" source=pitaya
time="2026-07-19T21:29:49+08:00" level=debug msg="Type=PushToUsers Route=onTurnNotify, Data=header:{meta:{audit_sn:7484600386448265216 action_seq:2 round_id:\"25db51ca-6f2f-47d9-84d4-545d949d04ca\" round_no:1 room_id:\"29a3a80d-7542-438e-bd2b-499c9feda810\" server_ts:1784467789281} game_id:\"liuzichong\"} timeout_ms:60000, SvType=game, #Users=1" source=pitaya
time="2026-07-19T21:29:49+08:00" level=debug msg="pushing message to session" bytes=117 route=onTurnNotify session_id=2 source=pitaya type=Push uid=2
time="2026-07-19T21:29:49+08:00" level=debug msg="Type=Broadcast Route=onRoomState, Data=header:{meta:{round_no:1 room_id:\"29a3a80d-7542-438e-bd2b-499c9feda810\" server_ts:1784467789281} game_id:\"liuzichong\"} phase:PLAYING room_mode:ROOM_CARD players:{user_id:2 nickname:\"p2\" ready:true online:true} players:{user_id:9000000000000002 seat:1 nickname:\"bot_1\" ready:true online:true} round_no:1" source=pitaya
time="2026-07-19T21:29:49+08:00" level=debug msg="Type=PushToUsers Route=onRoomState, Data=header:{meta:{round_no:1 room_id:\"29a3a80d-7542-438e-bd2b-499c9feda810\" server_ts:1784467789281} game_id:\"liuzichong\"} phase:PLAYING room_mode:ROOM_CARD players:{user_id:2 nickname:\"p2\" ready:true online:true} players:{user_id:9000000000000002 seat:1 nickname:\"bot_1\" ready:true online:true} round_no:1, SvType=game, #Users=1" source=pitaya
time="2026-07-19T21:29:49+08:00" level=debug msg="pushing message to session" bytes=105 route=onRoomState session_id=2 source=pitaya type=Push uid=2
time="2026-07-19T21:29:49+08:00" level=debug msg="responding message to session" bytes=0 mid=4 session_id=2 source=pitaya type=Push uid=2
time="2026-07-19T21:29:52+08:00" level=error msg="Error reading next available message" error="websocket: close 1001 (going away)" remote="[::1]:50445" session_id=2 source=pitaya uid=
time="2026-07-19T21:29:52+08:00" level=debug msg="Session closed" remote_addr="[::1]:50445" session_id=2 source=pitaya uid=2
time="2026-07-19T21:29:52+08:00" level=debug msg="Session read goroutine exit" remote="[::1]:50445" session_id=2 source=pitaya uid=
time="2026-07-19T21:29:52+08:00" level=debug msg="Session handle goroutine exit" session_id=2 source=pitaya uid=2
time="2026-07-19T21:30:12+08:00" level=debug msg="New session established" remote="[::1]:59409" session_id=3 source=pitaya uid=
time="2026-07-19T21:30:12+08:00" level=debug msg="Received handshake packet" source=pitaya
time="2026-07-19T21:30:12+08:00" level=debug msg="Session handshake Id=3, Remote=[::1]:59409" source=pitaya
time="2026-07-19T21:30:12+08:00" level=debug msg="Successfully saved handshake data" source=pitaya
time="2026-07-19T21:30:12+08:00" level=debug msg="Receive handshake ACK Id=3, Remote=[::1]:59409" source=pitaya
time="2026-07-19T21:30:12+08:00" level=debug msg="SID=3, Data=\n\x050.1.0\x12\x05cocos" requestId=8jCUyNJrnn6aWb4Gx3i1Dj route=game.connector.entry source=pitaya userId=
time="2026-07-19T21:30:12+08:00" level=debug msg="responding message to session" bytes=9 mid=1 session_id=3 source=pitaya type=Push uid=
time="2026-07-19T21:30:12+08:00" level=debug msg="SID=3, Data=\n\xb4\x01eyJhbGciOiJIUzI1NiIsInR5cCI6IkpXVCJ9.eyJleHAiOjE3ODQ1NTQyMTAsImlhdCI6MTc4NDQ2NzgxMCwicm9sZSI6InBsYXllciIsInN1YiI6MiwidHlwIjoicGxheWVyIn0.FQ5g9kCOgbQ4V0Sh4zSpB_2Y2zkUrwnObUI_O5n4SHE" requestId=6IiwSbli3nY7Z4n9APPCTj route=game.connector.bind source=pitaya userId=
time="2026-07-19T21:30:12+08:00" level=debug msg="responding message to session" bytes=11 mid=2 session_id=3 source=pitaya type=Push uid=2
time="2026-07-19T21:30:12+08:00" level=debug msg="SID=3, Data=\n$b068f7ce-2872-4948-bdcb-05fdbaca587e" requestId=CVsXMV1yqqTwBLVR8yPd4A route=game.room.join source=pitaya userId=2
time="2026-07-19T21:30:12+08:00" level=debug msg="Add user to group b068f7ce-2872-4948-bdcb-05fdbaca587e, UID=2" source=pitaya
time="2026-07-19T21:30:12+08:00" level=debug msg="Type=Broadcast Route=onRoomState, Data=header:{meta:{room_id:\"b068f7ce-2872-4948-bdcb-05fdbaca587e\" server_ts:1784467812705} game_id:\"liuzichong\"} phase:IDLE room_mode:ROOM_CARD players:{user_id:2 nickname:\"p2\" online:true} players:{user_id:9000000000000002 seat:1 nickname:\"bot_1\" ready:true online:true}" source=pitaya
time="2026-07-19T21:30:12+08:00" level=debug msg="Type=PushToUsers Route=onRoomState, Data=header:{meta:{room_id:\"b068f7ce-2872-4948-bdcb-05fdbaca587e\" server_ts:1784467812705} game_id:\"liuzichong\"} phase:IDLE room_mode:ROOM_CARD players:{user_id:2 nickname:\"p2\" online:true} players:{user_id:9000000000000002 seat:1 nickname:\"bot_1\" ready:true online:true}, SvType=game, #Users=1" source=pitaya
time="2026-07-19T21:30:12+08:00" level=debug msg="pushing message to session" bytes=99 route=onRoomState session_id=3 source=pitaya type=Push uid=2
time="2026-07-19T21:30:12+08:00" level=debug msg="responding message to session" bytes=86 mid=3 session_id=3 source=pitaya type=Push uid=2
time="2026-07-19T21:30:12+08:00" level=debug msg="SID=3, Data=\n$b068f7ce-2872-4948-bdcb-05fdbaca587e" requestId=1qMEpVs6PZFEqsbjzAitSv route=game.room.ready source=pitaya userId=2
time="2026-07-19T21:30:12+08:00" level=debug msg="Type=Broadcast Route=onBoardInit, Data=header:{meta:{audit_sn:7484600484708225024 action_seq:1 round_id:\"3dd6efa0-f85b-44ee-bc36-8e55808b9f40\" round_no:1 room_id:\"b068f7ce-2872-4948-bdcb-05fdbaca587e\" server_ts:1784467812707} game_id:\"liuzichong\"} cells:1 cells:1 cells:1 cells:1 cells:1 cells:0 cells:0 cells:1 cells:2 cells:0 cells:0 cells:2 cells:2 cells:2 cells:2 cells:2" source=pitaya
time="2026-07-19T21:30:12+08:00" level=debug msg="Type=PushToUsers Route=onBoardInit, Data=header:{meta:{audit_sn:7484600484708225024 action_seq:1 round_id:\"3dd6efa0-f85b-44ee-bc36-8e55808b9f40\" round_no:1 room_id:\"b068f7ce-2872-4948-bdcb-05fdbaca587e\" server_ts:1784467812707} game_id:\"liuzichong\"} cells:1 cells:1 cells:1 cells:1 cells:1 cells:0 cells:0 cells:1 cells:2 cells:0 cells:0 cells:2 cells:2 cells:2 cells:2 cells:2, SvType=game, #Users=1" source=pitaya
time="2026-07-19T21:30:12+08:00" level=debug msg="pushing message to session" bytes=131 route=onBoardInit session_id=3 source=pitaya type=Push uid=2
time="2026-07-19T21:30:12+08:00" level=debug msg="Type=Broadcast Route=onTurnNotify, Data=header:{meta:{audit_sn:7484600484708225025 action_seq:2 round_id:\"3dd6efa0-f85b-44ee-bc36-8e55808b9f40\" round_no:1 room_id:\"b068f7ce-2872-4948-bdcb-05fdbaca587e\" server_ts:1784467812707} game_id:\"liuzichong\"} timeout_ms:60000" source=pitaya
time="2026-07-19T21:30:12+08:00" level=debug msg="Type=PushToUsers Route=onTurnNotify, Data=header:{meta:{audit_sn:7484600484708225025 action_seq:2 round_id:\"3dd6efa0-f85b-44ee-bc36-8e55808b9f40\" round_no:1 room_id:\"b068f7ce-2872-4948-bdcb-05fdbaca587e\" server_ts:1784467812707} game_id:\"liuzichong\"} timeout_ms:60000, SvType=game, #Users=1" source=pitaya
time="2026-07-19T21:30:12+08:00" level=debug msg="pushing message to session" bytes=117 route=onTurnNotify session_id=3 source=pitaya type=Push uid=2
time="2026-07-19T21:30:12+08:00" level=debug msg="Type=Broadcast Route=onRoomState, Data=header:{meta:{round_no:1 room_id:\"b068f7ce-2872-4948-bdcb-05fdbaca587e\" server_ts:1784467812708} game_id:\"liuzichong\"} phase:PLAYING room_mode:ROOM_CARD players:{user_id:2 nickname:\"p2\" ready:true online:true} players:{user_id:9000000000000002 seat:1 nickname:\"bot_1\" ready:true online:true} round_no:1" source=pitaya
time="2026-07-19T21:30:12+08:00" level=debug msg="Type=PushToUsers Route=onRoomState, Data=header:{meta:{round_no:1 room_id:\"b068f7ce-2872-4948-bdcb-05fdbaca587e\" server_ts:1784467812708} game_id:\"liuzichong\"} phase:PLAYING room_mode:ROOM_CARD players:{user_id:2 nickname:\"p2\" ready:true online:true} players:{user_id:9000000000000002 seat:1 nickname:\"bot_1\" ready:true online:true} round_no:1, SvType=game, #Users=1" source=pitaya
time="2026-07-19T21:30:12+08:00" level=debug msg="pushing message to session" bytes=105 route=onRoomState session_id=3 source=pitaya type=Push uid=2
time="2026-07-19T21:30:12+08:00" level=debug msg="responding message to session" bytes=0 mid=4 session_id=3 source=pitaya type=Push uid=2
time="2026-07-19T21:30:31+08:00" level=error msg="Error reading next available message" error="websocket: close 1001 (going away)" remote="[::1]:59409" session_id=3 source=pitaya uid=
time="2026-07-19T21:30:31+08:00" level=debug msg="Session closed" remote_addr="[::1]:59409" session_id=3 source=pitaya uid=2
time="2026-07-19T21:30:31+08:00" level=debug msg="Session read goroutine exit" remote="[::1]:59409" session_id=3 source=pitaya uid=
time="2026-07-19T21:30:31+08:00" level=debug msg="Session handle goroutine exit" session_id=3 source=pitaya uid=2
time="2026-07-19T21:30:39+08:00" level=debug msg="New session established" remote="[::1]:60286" session_id=4 source=pitaya uid=
time="2026-07-19T21:30:39+08:00" level=debug msg="Received handshake packet" source=pitaya
time="2026-07-19T21:30:39+08:00" level=debug msg="Session handshake Id=4, Remote=[::1]:60286" source=pitaya
time="2026-07-19T21:30:39+08:00" level=debug msg="Successfully saved handshake data" source=pitaya
time="2026-07-19T21:30:39+08:00" level=debug msg="Receive handshake ACK Id=4, Remote=[::1]:60286" source=pitaya
time="2026-07-19T21:30:39+08:00" level=debug msg="SID=4, Data=\n\x050.1.0\x12\x05cocos" requestId=ZhWc0F7l6tZQYiP65HVjqP route=game.connector.entry source=pitaya userId=
time="2026-07-19T21:30:39+08:00" level=debug msg="responding message to session" bytes=9 mid=1 session_id=4 source=pitaya type=Push uid=
time="2026-07-19T21:30:39+08:00" level=debug msg="SID=4, Data=\n\xb4\x01eyJhbGciOiJIUzI1NiIsInR5cCI6IkpXVCJ9.eyJleHAiOjE3ODQ1NTQyMzQsImlhdCI6MTc4NDQ2NzgzNCwicm9sZSI6InBsYXllciIsInN1YiI6MiwidHlwIjoicGxheWVyIn0.UgKdWlG_4sQ2X6AcvsvnWGqARZaKgwzq68H12u5EANM" requestId=n4181K9XLTjNoFHO42oLXY route=game.connector.bind source=pitaya userId=
time="2026-07-19T21:30:39+08:00" level=debug msg="responding message to session" bytes=11 mid=2 session_id=4 source=pitaya type=Push uid=2
time="2026-07-19T21:30:39+08:00" level=debug msg="SID=4, Data=\n$b4afb265-99fa-46ca-a0aa-696a4b785b0d" requestId=ODvCEjfgtCa13qf3M9AioX route=game.room.join source=pitaya userId=2
time="2026-07-19T21:30:39+08:00" level=debug msg="Add user to group b4afb265-99fa-46ca-a0aa-696a4b785b0d, UID=2" source=pitaya
time="2026-07-19T21:30:39+08:00" level=debug msg="Type=Broadcast Route=onRoomState, Data=header:{meta:{room_id:\"b4afb265-99fa-46ca-a0aa-696a4b785b0d\" server_ts:1784467839338} game_id:\"liuzichong\"} phase:IDLE room_mode:ROOM_CARD players:{user_id:2 nickname:\"p2\" online:true} players:{user_id:9000000000000002 seat:1 nickname:\"bot_1\" ready:true online:true}" source=pitaya
time="2026-07-19T21:30:39+08:00" level=debug msg="Type=PushToUsers Route=onRoomState, Data=header:{meta:{room_id:\"b4afb265-99fa-46ca-a0aa-696a4b785b0d\" server_ts:1784467839338} game_id:\"liuzichong\"} phase:IDLE room_mode:ROOM_CARD players:{user_id:2 nickname:\"p2\" online:true} players:{user_id:9000000000000002 seat:1 nickname:\"bot_1\" ready:true online:true}, SvType=game, #Users=1" source=pitaya
time="2026-07-19T21:30:39+08:00" level=debug msg="pushing message to session" bytes=99 route=onRoomState session_id=4 source=pitaya type=Push uid=2
time="2026-07-19T21:30:39+08:00" level=debug msg="responding message to session" bytes=86 mid=3 session_id=4 source=pitaya type=Push uid=2
time="2026-07-19T21:30:39+08:00" level=debug msg="SID=4, Data=\n$b4afb265-99fa-46ca-a0aa-696a4b785b0d" requestId=YK5apvA5yBAzFbgK0NwrUF route=game.room.ready source=pitaya userId=2
time="2026-07-19T21:30:39+08:00" level=debug msg="Type=Broadcast Route=onBoardInit, Data=header:{meta:{audit_sn:7484600596431900672 action_seq:1 round_id:\"5c0e2e43-8642-4ecf-8b18-7fada9d3a18c\" round_no:1 room_id:\"b4afb265-99fa-46ca-a0aa-696a4b785b0d\" server_ts:1784467839344} game_id:\"liuzichong\"} cells:1 cells:1 cells:1 cells:1 cells:1 cells:0 cells:0 cells:1 cells:2 cells:0 cells:0 cells:2 cells:2 cells:2 cells:2 cells:2" source=pitaya
time="2026-07-19T21:30:39+08:00" level=debug msg="Type=PushToUsers Route=onBoardInit, Data=header:{meta:{audit_sn:7484600596431900672 action_seq:1 round_id:\"5c0e2e43-8642-4ecf-8b18-7fada9d3a18c\" round_no:1 room_id:\"b4afb265-99fa-46ca-a0aa-696a4b785b0d\" server_ts:1784467839344} game_id:\"liuzichong\"} cells:1 cells:1 cells:1 cells:1 cells:1 cells:0 cells:0 cells:1 cells:2 cells:0 cells:0 cells:2 cells:2 cells:2 cells:2 cells:2, SvType=game, #Users=1" source=pitaya
time="2026-07-19T21:30:39+08:00" level=debug msg="pushing message to session" bytes=131 route=onBoardInit session_id=4 source=pitaya type=Push uid=2
time="2026-07-19T21:30:39+08:00" level=debug msg="Type=Broadcast Route=onTurnNotify, Data=header:{meta:{audit_sn:7484600596431900673 action_seq:2 round_id:\"5c0e2e43-8642-4ecf-8b18-7fada9d3a18c\" round_no:1 room_id:\"b4afb265-99fa-46ca-a0aa-696a4b785b0d\" server_ts:1784467839345} game_id:\"liuzichong\"} timeout_ms:60000" source=pitaya
time="2026-07-19T21:30:39+08:00" level=debug msg="Type=PushToUsers Route=onTurnNotify, Data=header:{meta:{audit_sn:7484600596431900673 action_seq:2 round_id:\"5c0e2e43-8642-4ecf-8b18-7fada9d3a18c\" round_no:1 room_id:\"b4afb265-99fa-46ca-a0aa-696a4b785b0d\" server_ts:1784467839345} game_id:\"liuzichong\"} timeout_ms:60000, SvType=game, #Users=1" source=pitaya
time="2026-07-19T21:30:39+08:00" level=debug msg="pushing message to session" bytes=117 route=onTurnNotify session_id=4 source=pitaya type=Push uid=2
time="2026-07-19T21:30:39+08:00" level=debug msg="Type=Broadcast Route=onRoomState, Data=header:{meta:{round_no:1 room_id:\"b4afb265-99fa-46ca-a0aa-696a4b785b0d\" server_ts:1784467839346} game_id:\"liuzichong\"} phase:PLAYING room_mode:ROOM_CARD players:{user_id:2 nickname:\"p2\" ready:true online:true} players:{user_id:9000000000000002 seat:1 nickname:\"bot_1\" ready:true online:true} round_no:1" source=pitaya
time="2026-07-19T21:30:39+08:00" level=debug msg="Type=PushToUsers Route=onRoomState, Data=header:{meta:{round_no:1 room_id:\"b4afb265-99fa-46ca-a0aa-696a4b785b0d\" server_ts:1784467839346} game_id:\"liuzichong\"} phase:PLAYING room_mode:ROOM_CARD players:{user_id:2 nickname:\"p2\" ready:true online:true} players:{user_id:9000000000000002 seat:1 nickname:\"bot_1\" ready:true online:true} round_no:1, SvType=game, #Users=1" source=pitaya
time="2026-07-19T21:30:39+08:00" level=debug msg="pushing message to session" bytes=105 route=onRoomState session_id=4 source=pitaya type=Push uid=2
time="2026-07-19T21:30:39+08:00" level=debug msg="responding message to session" bytes=0 mid=4 session_id=4 source=pitaya type=Push uid=2
time="2026-07-19T21:30:49+08:00" level=debug msg="Type=Broadcast Route=onSettlement, Data=header:{meta:{audit_sn:7484600638119088128 action_seq:3 round_id:\"25db51ca-6f2f-47d9-84d4-545d949d04ca\" round_no:1 room_id:\"29a3a80d-7542-438e-bd2b-499c9feda810\" server_ts:1784467849286} game_id:\"liuzichong\"} round_id:\"25db51ca-6f2f-47d9-84d4-545d949d04ca\" is_valid:true winner_id:9000000000000002 scores:{user_id:2 rule_score:-1} scores:{user_id:9000000000000002 seat:1 rule_score:1}" source=pitaya
time="2026-07-19T21:30:49+08:00" level=debug msg="Type=PushToUsers Route=onSettlement, Data=header:{meta:{audit_sn:7484600638119088128 action_seq:3 round_id:\"25db51ca-6f2f-47d9-84d4-545d949d04ca\" round_no:1 room_id:\"29a3a80d-7542-438e-bd2b-499c9feda810\" server_ts:1784467849286} game_id:\"liuzichong\"} round_id:\"25db51ca-6f2f-47d9-84d4-545d949d04ca\" is_valid:true winner_id:9000000000000002 scores:{user_id:2 rule_score:-1} scores:{user_id:9000000000000002 seat:1 rule_score:1}, SvType=game, #Users=1" source=pitaya
time="2026-07-19T21:30:49+08:00" level=debug msg="pushing message to session" bytes=192 route=onSettlement session_id=4 source=pitaya type=Push uid=2
time="2026-07-19T21:31:12+08:00" level=debug msg="Type=Broadcast Route=onSettlement, Data=header:{meta:{audit_sn:7484600736370659328 action_seq:3 round_id:\"3dd6efa0-f85b-44ee-bc36-8e55808b9f40\" round_no:1 room_id:\"b068f7ce-2872-4948-bdcb-05fdbaca587e\" server_ts:1784467872709} game_id:\"liuzichong\"} round_id:\"3dd6efa0-f85b-44ee-bc36-8e55808b9f40\" is_valid:true winner_id:9000000000000002 scores:{user_id:2 rule_score:-1} scores:{user_id:9000000000000002 seat:1 rule_score:1}" source=pitaya
time="2026-07-19T21:31:12+08:00" level=debug msg="Type=PushToUsers Route=onSettlement, Data=header:{meta:{audit_sn:7484600736370659328 action_seq:3 round_id:\"3dd6efa0-f85b-44ee-bc36-8e55808b9f40\" round_no:1 room_id:\"b068f7ce-2872-4948-bdcb-05fdbaca587e\" server_ts:1784467872709} game_id:\"liuzichong\"} round_id:\"3dd6efa0-f85b-44ee-bc36-8e55808b9f40\" is_valid:true winner_id:9000000000000002 scores:{user_id:2 rule_score:-1} scores:{user_id:9000000000000002 seat:1 rule_score:1}, SvType=game, #Users=1" source=pitaya
time="2026-07-19T21:31:12+08:00" level=debug msg="pushing message to session" bytes=192 route=onSettlement session_id=4 source=pitaya type=Push uid=2
time="2026-07-19T21:31:39+08:00" level=debug msg="Type=Broadcast Route=onSettlement, Data=header:{meta:{audit_sn:7484600848102723584 action_seq:3 round_id:\"5c0e2e43-8642-4ecf-8b18-7fada9d3a18c\" round_no:1 room_id:\"b4afb265-99fa-46ca-a0aa-696a4b785b0d\" server_ts:1784467899350} game_id:\"liuzichong\"} round_id:\"5c0e2e43-8642-4ecf-8b18-7fada9d3a18c\" is_valid:true winner_id:9000000000000002 scores:{user_id:2 rule_score:-1} scores:{user_id:9000000000000002 seat:1 rule_score:1}" source=pitaya
time="2026-07-19T21:31:39+08:00" level=debug msg="Type=PushToUsers Route=onSettlement, Data=header:{meta:{audit_sn:7484600848102723584 action_seq:3 round_id:\"5c0e2e43-8642-4ecf-8b18-7fada9d3a18c\" round_no:1 room_id:\"b4afb265-99fa-46ca-a0aa-696a4b785b0d\" server_ts:1784467899350} game_id:\"liuzichong\"} round_id:\"5c0e2e43-8642-4ecf-8b18-7fada9d3a18c\" is_valid:true winner_id:9000000000000002 scores:{user_id:2 rule_score:-1} scores:{user_id:9000000000000002 seat:1 rule_score:1}, SvType=game, #Users=1" source=pitaya
time="2026-07-19T21:31:39+08:00" level=debug msg="pushing message to session" bytes=192 route=onSettlement session_id=4 source=pitaya type=Push uid=2
time="2026-07-19T21:33:52+08:00" level=error msg="Error reading next available message" error="websocket: close 1001 (going away)" remote="[::1]:60286" session_id=4 source=pitaya uid=
time="2026-07-19T21:33:52+08:00" level=debug msg="Session closed" remote_addr="[::1]:60286" session_id=4 source=pitaya uid=2
time="2026-07-19T21:33:52+08:00" level=debug msg="Session read goroutine exit" remote="[::1]:60286" session_id=4 source=pitaya uid=
time="2026-07-19T21:33:52+08:00" level=debug msg="Session handle goroutine exit" session_id=4 source=pitaya uid=2
time="2026-07-19T21:34:07+08:00" level=debug msg="New session established" remote="[::1]:54239" session_id=5 source=pitaya uid=
time="2026-07-19T21:34:07+08:00" level=debug msg="Received handshake packet" source=pitaya
time="2026-07-19T21:34:07+08:00" level=debug msg="Session handshake Id=5, Remote=[::1]:54239" source=pitaya
time="2026-07-19T21:34:07+08:00" level=debug msg="Successfully saved handshake data" source=pitaya
time="2026-07-19T21:34:07+08:00" level=debug msg="Receive handshake ACK Id=5, Remote=[::1]:54239" source=pitaya
time="2026-07-19T21:34:07+08:00" level=debug msg="SID=5, Data=\n\x050.1.0\x12\x05cocos" requestId=qFVY90RE3wYscj2sY4Kvnj route=game.connector.entry source=pitaya userId=
time="2026-07-19T21:34:07+08:00" level=debug msg="responding message to session" bytes=9 mid=1 session_id=5 source=pitaya type=Push uid=
time="2026-07-19T21:34:07+08:00" level=debug msg="SID=5, Data=\n\xb4\x01eyJhbGciOiJIUzI1NiIsInR5cCI6IkpXVCJ9.eyJleHAiOjE3ODQ1NTQ0NDUsImlhdCI6MTc4NDQ2ODA0NSwicm9sZSI6InBsYXllciIsInN1YiI6MiwidHlwIjoicGxheWVyIn0.IIrjV94YkIJCIHqp5TMhJH151jyxe7w2MknxN0GdDz0" requestId=Ixt37NvsnwFv6MXKGKKHrq route=game.connector.bind source=pitaya userId=
time="2026-07-19T21:34:07+08:00" level=debug msg="responding message to session" bytes=11 mid=2 session_id=5 source=pitaya type=Push uid=2
time="2026-07-19T21:34:07+08:00" level=debug msg="SID=5, Data=\n$6aef7f29-d243-487c-8be8-235c1d314f15" requestId=ZJ2HPH1X67QNjFt9omYUZV route=game.room.join source=pitaya userId=2
time="2026-07-19T21:34:07+08:00" level=debug msg="Add user to group 6aef7f29-d243-487c-8be8-235c1d314f15, UID=2" source=pitaya
time="2026-07-19T21:34:07+08:00" level=debug msg="Type=Broadcast Route=onRoomState, Data=header:{meta:{room_id:\"6aef7f29-d243-487c-8be8-235c1d314f15\" server_ts:1784468047406} game_id:\"liuzichong\"} phase:IDLE room_mode:ROOM_CARD players:{user_id:2 nickname:\"p2\" online:true} players:{user_id:9000000000000002 seat:1 nickname:\"bot_1\" ready:true online:true}" source=pitaya
time="2026-07-19T21:34:07+08:00" level=debug msg="Type=PushToUsers Route=onRoomState, Data=header:{meta:{room_id:\"6aef7f29-d243-487c-8be8-235c1d314f15\" server_ts:1784468047406} game_id:\"liuzichong\"} phase:IDLE room_mode:ROOM_CARD players:{user_id:2 nickname:\"p2\" online:true} players:{user_id:9000000000000002 seat:1 nickname:\"bot_1\" ready:true online:true}, SvType=game, #Users=1" source=pitaya
time="2026-07-19T21:34:07+08:00" level=debug msg="pushing message to session" bytes=99 route=onRoomState session_id=5 source=pitaya type=Push uid=2
time="2026-07-19T21:34:07+08:00" level=debug msg="responding message to session" bytes=86 mid=3 session_id=5 source=pitaya type=Push uid=2
time="2026-07-19T21:34:07+08:00" level=debug msg="SID=5, Data=\n$6aef7f29-d243-487c-8be8-235c1d314f15" requestId=zIFSesXHdjn2Icai1S9eb1 route=game.room.ready source=pitaya userId=2
time="2026-07-19T21:34:07+08:00" level=debug msg="Type=Broadcast Route=onBoardInit, Data=header:{meta:{audit_sn:7484601469119762432 action_seq:1 round_id:\"ee1781aa-1901-4263-8353-1bc21ea011b1\" round_no:1 room_id:\"6aef7f29-d243-487c-8be8-235c1d314f15\" server_ts:1784468047410} game_id:\"liuzichong\"} cells:1 cells:1 cells:1 cells:1 cells:1 cells:0 cells:0 cells:1 cells:2 cells:0 cells:0 cells:2 cells:2 cells:2 cells:2 cells:2" source=pitaya
time="2026-07-19T21:34:07+08:00" level=debug msg="Type=PushToUsers Route=onBoardInit, Data=header:{meta:{audit_sn:7484601469119762432 action_seq:1 round_id:\"ee1781aa-1901-4263-8353-1bc21ea011b1\" round_no:1 room_id:\"6aef7f29-d243-487c-8be8-235c1d314f15\" server_ts:1784468047410} game_id:\"liuzichong\"} cells:1 cells:1 cells:1 cells:1 cells:1 cells:0 cells:0 cells:1 cells:2 cells:0 cells:0 cells:2 cells:2 cells:2 cells:2 cells:2, SvType=game, #Users=1" source=pitaya
time="2026-07-19T21:34:07+08:00" level=debug msg="pushing message to session" bytes=131 route=onBoardInit session_id=5 source=pitaya type=Push uid=2
time="2026-07-19T21:34:07+08:00" level=debug msg="Type=Broadcast Route=onTurnNotify, Data=header:{meta:{audit_sn:7484601469123956736 action_seq:2 round_id:\"ee1781aa-1901-4263-8353-1bc21ea011b1\" round_no:1 room_id:\"6aef7f29-d243-487c-8be8-235c1d314f15\" server_ts:1784468047411} game_id:\"liuzichong\"} timeout_ms:60000" source=pitaya
time="2026-07-19T21:34:07+08:00" level=debug msg="Type=PushToUsers Route=onTurnNotify, Data=header:{meta:{audit_sn:7484601469123956736 action_seq:2 round_id:\"ee1781aa-1901-4263-8353-1bc21ea011b1\" round_no:1 room_id:\"6aef7f29-d243-487c-8be8-235c1d314f15\" server_ts:1784468047411} game_id:\"liuzichong\"} timeout_ms:60000, SvType=game, #Users=1" source=pitaya
time="2026-07-19T21:34:07+08:00" level=debug msg="pushing message to session" bytes=117 route=onTurnNotify session_id=5 source=pitaya type=Push uid=2
time="2026-07-19T21:34:07+08:00" level=debug msg="Type=Broadcast Route=onRoomState, Data=header:{meta:{round_no:1 room_id:\"6aef7f29-d243-487c-8be8-235c1d314f15\" server_ts:1784468047412} game_id:\"liuzichong\"} phase:PLAYING room_mode:ROOM_CARD players:{user_id:2 nickname:\"p2\" ready:true online:true} players:{user_id:9000000000000002 seat:1 nickname:\"bot_1\" ready:true online:true} round_no:1" source=pitaya
time="2026-07-19T21:34:07+08:00" level=debug msg="Type=PushToUsers Route=onRoomState, Data=header:{meta:{round_no:1 room_id:\"6aef7f29-d243-487c-8be8-235c1d314f15\" server_ts:1784468047412} game_id:\"liuzichong\"} phase:PLAYING room_mode:ROOM_CARD players:{user_id:2 nickname:\"p2\" ready:true online:true} players:{user_id:9000000000000002 seat:1 nickname:\"bot_1\" ready:true online:true} round_no:1, SvType=game, #Users=1" source=pitaya
time="2026-07-19T21:34:07+08:00" level=debug msg="pushing message to session" bytes=105 route=onRoomState session_id=5 source=pitaya type=Push uid=2
time="2026-07-19T21:34:07+08:00" level=debug msg="responding message to session" bytes=0 mid=4 session_id=5 source=pitaya type=Push uid=2
time="2026-07-19T21:35:07+08:00" level=debug msg="Type=Broadcast Route=onSettlement, Data=header:{meta:{audit_sn:7484601720798973952 action_seq:3 round_id:\"ee1781aa-1901-4263-8353-1bc21ea011b1\" round_no:1 room_id:\"6aef7f29-d243-487c-8be8-235c1d314f15\" server_ts:1784468107417} game_id:\"liuzichong\"} round_id:\"ee1781aa-1901-4263-8353-1bc21ea011b1\" is_valid:true winner_id:9000000000000002 scores:{user_id:2 rule_score:-1} scores:{user_id:9000000000000002 seat:1 rule_score:1}" source=pitaya
time="2026-07-19T21:35:07+08:00" level=debug msg="Type=PushToUsers Route=onSettlement, Data=header:{meta:{audit_sn:7484601720798973952 action_seq:3 round_id:\"ee1781aa-1901-4263-8353-1bc21ea011b1\" round_no:1 room_id:\"6aef7f29-d243-487c-8be8-235c1d314f15\" server_ts:1784468107417} game_id:\"liuzichong\"} round_id:\"ee1781aa-1901-4263-8353-1bc21ea011b1\" is_valid:true winner_id:9000000000000002 scores:{user_id:2 rule_score:-1} scores:{user_id:9000000000000002 seat:1 rule_score:1}, SvType=game, #Users=1" source=pitaya
time="2026-07-19T21:35:07+08:00" level=debug msg="pushing message to session" bytes=192 route=onSettlement session_id=5 source=pitaya type=Push uid=2
time="2026-07-19T21:38:52+08:00" level=error msg="Error reading next available message" error="websocket: close 1001 (going away)" remote="[::1]:54239" session_id=5 source=pitaya uid=
time="2026-07-19T21:38:52+08:00" level=debug msg="Session closed" remote_addr="[::1]:54239" session_id=5 source=pitaya uid=2
time="2026-07-19T21:38:52+08:00" level=debug msg="Session read goroutine exit" remote="[::1]:54239" session_id=5 source=pitaya uid=
time="2026-07-19T21:38:52+08:00" level=debug msg="Session handle goroutine exit" session_id=5 source=pitaya uid=2
time="2026-07-19T21:39:33+08:00" level=debug msg="New session established" remote="[::1]:64573" session_id=6 source=pitaya uid=
time="2026-07-19T21:39:33+08:00" level=debug msg="Received handshake packet" source=pitaya
time="2026-07-19T21:39:33+08:00" level=debug msg="Session handshake Id=6, Remote=[::1]:64573" source=pitaya
time="2026-07-19T21:39:33+08:00" level=debug msg="Successfully saved handshake data" source=pitaya
time="2026-07-19T21:39:33+08:00" level=debug msg="Receive handshake ACK Id=6, Remote=[::1]:64573" source=pitaya
time="2026-07-19T21:39:33+08:00" level=debug msg="SID=6, Data=\n\x050.1.0\x12\x05cocos" requestId=2AahL3FDOaWaI3gYMJCmsc route=game.connector.entry source=pitaya userId=
time="2026-07-19T21:39:33+08:00" level=debug msg="responding message to session" bytes=9 mid=1 session_id=6 source=pitaya type=Push uid=
time="2026-07-19T21:39:33+08:00" level=debug msg="SID=6, Data=\n\xb4\x01eyJhbGciOiJIUzI1NiIsInR5cCI6IkpXVCJ9.eyJleHAiOjE3ODQ1NTQ3NjksImlhdCI6MTc4NDQ2ODM2OSwicm9sZSI6InBsYXllciIsInN1YiI6MiwidHlwIjoicGxheWVyIn0.meKT2deT4ymxqTDPwaCtrV6hP4MyvIwE5r0obX2TvG0" requestId=Bqm1x2n4Ecut3dhdTPx2pw route=game.connector.bind source=pitaya userId=
time="2026-07-19T21:39:33+08:00" level=debug msg="responding message to session" bytes=11 mid=2 session_id=6 source=pitaya type=Push uid=2
time="2026-07-19T21:39:33+08:00" level=debug msg="SID=6, Data=\n$1592c9b2-5800-4966-9e75-0bbfcc87de50" requestId=ZFFnVTtLYh8MPQRQsY8uq8 route=game.room.join source=pitaya userId=2
time="2026-07-19T21:39:33+08:00" level=debug msg="Add user to group 1592c9b2-5800-4966-9e75-0bbfcc87de50, UID=2" source=pitaya
time="2026-07-19T21:39:33+08:00" level=debug msg="Type=Broadcast Route=onRoomState, Data=header:{meta:{room_id:\"1592c9b2-5800-4966-9e75-0bbfcc87de50\" server_ts:1784468373622} game_id:\"liuzichong\"} phase:IDLE room_mode:ROOM_CARD players:{user_id:2 nickname:\"p2\" online:true} players:{user_id:9000000000000002 seat:1 nickname:\"bot_1\" ready:true online:true}" source=pitaya
time="2026-07-19T21:39:33+08:00" level=debug msg="Type=PushToUsers Route=onRoomState, Data=header:{meta:{room_id:\"1592c9b2-5800-4966-9e75-0bbfcc87de50\" server_ts:1784468373622} game_id:\"liuzichong\"} phase:IDLE room_mode:ROOM_CARD players:{user_id:2 nickname:\"p2\" online:true} players:{user_id:9000000000000002 seat:1 nickname:\"bot_1\" ready:true online:true}, SvType=game, #Users=1" source=pitaya
time="2026-07-19T21:39:33+08:00" level=debug msg="pushing message to session" bytes=99 route=onRoomState session_id=6 source=pitaya type=Push uid=2
time="2026-07-19T21:39:33+08:00" level=debug msg="responding message to session" bytes=86 mid=3 session_id=6 source=pitaya type=Push uid=2
time="2026-07-19T21:39:33+08:00" level=debug msg="SID=6, Data=\n$1592c9b2-5800-4966-9e75-0bbfcc87de50" requestId=ZxxngbNMdscnjwNzNQmwkU route=game.room.ready source=pitaya userId=2
time="2026-07-19T21:39:33+08:00" level=debug msg="Type=Broadcast Route=onBoardInit, Data=header:{meta:{audit_sn:7484602837368836096 action_seq:1 round_id:\"c2b3a7cf-54e2-476d-90d7-f51eb8e42cc6\" round_no:1 room_id:\"1592c9b2-5800-4966-9e75-0bbfcc87de50\" server_ts:1784468373625} game_id:\"liuzichong\"} cells:1 cells:1 cells:1 cells:1 cells:1 cells:0 cells:0 cells:1 cells:2 cells:0 cells:0 cells:2 cells:2 cells:2 cells:2 cells:2" source=pitaya
time="2026-07-19T21:39:33+08:00" level=debug msg="Type=PushToUsers Route=onBoardInit, Data=header:{meta:{audit_sn:7484602837368836096 action_seq:1 round_id:\"c2b3a7cf-54e2-476d-90d7-f51eb8e42cc6\" round_no:1 room_id:\"1592c9b2-5800-4966-9e75-0bbfcc87de50\" server_ts:1784468373625} game_id:\"liuzichong\"} cells:1 cells:1 cells:1 cells:1 cells:1 cells:0 cells:0 cells:1 cells:2 cells:0 cells:0 cells:2 cells:2 cells:2 cells:2 cells:2, SvType=game, #Users=1" source=pitaya
time="2026-07-19T21:39:33+08:00" level=debug msg="pushing message to session" bytes=131 route=onBoardInit session_id=6 source=pitaya type=Push uid=2
time="2026-07-19T21:39:33+08:00" level=debug msg="Type=Broadcast Route=onTurnNotify, Data=header:{meta:{audit_sn:7484602837377224704 action_seq:2 round_id:\"c2b3a7cf-54e2-476d-90d7-f51eb8e42cc6\" round_no:1 room_id:\"1592c9b2-5800-4966-9e75-0bbfcc87de50\" server_ts:1784468373627} game_id:\"liuzichong\"} timeout_ms:60000" source=pitaya
time="2026-07-19T21:39:33+08:00" level=debug msg="Type=PushToUsers Route=onTurnNotify, Data=header:{meta:{audit_sn:7484602837377224704 action_seq:2 round_id:\"c2b3a7cf-54e2-476d-90d7-f51eb8e42cc6\" round_no:1 room_id:\"1592c9b2-5800-4966-9e75-0bbfcc87de50\" server_ts:1784468373627} game_id:\"liuzichong\"} timeout_ms:60000, SvType=game, #Users=1" source=pitaya
time="2026-07-19T21:39:33+08:00" level=debug msg="pushing message to session" bytes=117 route=onTurnNotify session_id=6 source=pitaya type=Push uid=2
time="2026-07-19T21:39:33+08:00" level=debug msg="Type=Broadcast Route=onRoomState, Data=header:{meta:{round_no:1 room_id:\"1592c9b2-5800-4966-9e75-0bbfcc87de50\" server_ts:1784468373628} game_id:\"liuzichong\"} phase:PLAYING room_mode:ROOM_CARD players:{user_id:2 nickname:\"p2\" ready:true online:true} players:{user_id:9000000000000002 seat:1 nickname:\"bot_1\" ready:true online:true} round_no:1" source=pitaya
time="2026-07-19T21:39:33+08:00" level=debug msg="Type=PushToUsers Route=onRoomState, Data=header:{meta:{round_no:1 room_id:\"1592c9b2-5800-4966-9e75-0bbfcc87de50\" server_ts:1784468373628} game_id:\"liuzichong\"} phase:PLAYING room_mode:ROOM_CARD players:{user_id:2 nickname:\"p2\" ready:true online:true} players:{user_id:9000000000000002 seat:1 nickname:\"bot_1\" ready:true online:true} round_no:1, SvType=game, #Users=1" source=pitaya
time="2026-07-19T21:39:33+08:00" level=debug msg="pushing message to session" bytes=105 route=onRoomState session_id=6 source=pitaya type=Push uid=2
time="2026-07-19T21:39:33+08:00" level=debug msg="responding message to session" bytes=0 mid=4 session_id=6 source=pitaya type=Push uid=2
time="2026-07-19T21:39:40+08:00" level=error msg="Error reading next available message" error="websocket: close 1001 (going away)" remote="[::1]:64573" session_id=6 source=pitaya uid=
time="2026-07-19T21:39:40+08:00" level=debug msg="Session closed" remote_addr="[::1]:64573" session_id=6 source=pitaya uid=2
time="2026-07-19T21:39:40+08:00" level=debug msg="Session read goroutine exit" remote="[::1]:64573" session_id=6 source=pitaya uid=
time="2026-07-19T21:39:40+08:00" level=debug msg="Session handle goroutine exit" session_id=6 source=pitaya uid=2
time="2026-07-19T21:40:08+08:00" level=debug msg="New session established" remote="[::1]:51972" session_id=7 source=pitaya uid=
time="2026-07-19T21:40:08+08:00" level=debug msg="Received handshake packet" source=pitaya
time="2026-07-19T21:40:08+08:00" level=debug msg="Session handshake Id=7, Remote=[::1]:51972" source=pitaya
time="2026-07-19T21:40:08+08:00" level=debug msg="Successfully saved handshake data" source=pitaya
time="2026-07-19T21:40:08+08:00" level=debug msg="Receive handshake ACK Id=7, Remote=[::1]:51972" source=pitaya
time="2026-07-19T21:40:08+08:00" level=debug msg="SID=7, Data=\n\x050.1.0\x12\x05cocos" requestId=R6p6nCsrtlrk8M2oldCUUE route=game.connector.entry source=pitaya userId=
time="2026-07-19T21:40:08+08:00" level=debug msg="responding message to session" bytes=9 mid=1 session_id=7 source=pitaya type=Push uid=
time="2026-07-19T21:40:08+08:00" level=debug msg="SID=7, Data=\n\xb4\x01eyJhbGciOiJIUzI1NiIsInR5cCI6IkpXVCJ9.eyJleHAiOjE3ODQ1NTQ4MDYsImlhdCI6MTc4NDQ2ODQwNiwicm9sZSI6InBsYXllciIsInN1YiI6MiwidHlwIjoicGxheWVyIn0.voRhqqpKY7ycTAlA4aiVas7yipapEtj0RjNm9TpIwfc" requestId=E8lnJYkNKsoYXKKKhjtOlC route=game.connector.bind source=pitaya userId=
time="2026-07-19T21:40:08+08:00" level=debug msg="responding message to session" bytes=11 mid=2 session_id=7 source=pitaya type=Push uid=2
time="2026-07-19T21:40:08+08:00" level=debug msg="SID=7, Data=\n$9c7aedb1-fe97-4b90-84da-8c217da1b6af" requestId=xWTeyObxwcyMbj5ZP0lh3l route=game.room.join source=pitaya userId=2
time="2026-07-19T21:40:08+08:00" level=debug msg="Add user to group 9c7aedb1-fe97-4b90-84da-8c217da1b6af, UID=2" source=pitaya
time="2026-07-19T21:40:08+08:00" level=debug msg="Type=Broadcast Route=onRoomState, Data=header:{meta:{room_id:\"9c7aedb1-fe97-4b90-84da-8c217da1b6af\" server_ts:1784468408354} game_id:\"liuzichong\"} phase:IDLE room_mode:ROOM_CARD players:{user_id:2 nickname:\"p2\" online:true} players:{user_id:9000000000000002 seat:1 nickname:\"bot_1\" ready:true online:true}" source=pitaya
time="2026-07-19T21:40:08+08:00" level=debug msg="Type=PushToUsers Route=onRoomState, Data=header:{meta:{room_id:\"9c7aedb1-fe97-4b90-84da-8c217da1b6af\" server_ts:1784468408354} game_id:\"liuzichong\"} phase:IDLE room_mode:ROOM_CARD players:{user_id:2 nickname:\"p2\" online:true} players:{user_id:9000000000000002 seat:1 nickname:\"bot_1\" ready:true online:true}, SvType=game, #Users=1" source=pitaya
time="2026-07-19T21:40:08+08:00" level=debug msg="pushing message to session" bytes=99 route=onRoomState session_id=7 source=pitaya type=Push uid=2
time="2026-07-19T21:40:08+08:00" level=debug msg="responding message to session" bytes=86 mid=3 session_id=7 source=pitaya type=Push uid=2
time="2026-07-19T21:40:08+08:00" level=debug msg="SID=7, Data=\n$9c7aedb1-fe97-4b90-84da-8c217da1b6af" requestId=DzvDURwhhSTZ6ERierP1fi route=game.room.ready source=pitaya userId=2
time="2026-07-19T21:40:08+08:00" level=debug msg="Type=Broadcast Route=onBoardInit, Data=header:{meta:{audit_sn:7484602983041208320 action_seq:1 round_id:\"d9e63aaf-e319-4f26-a18a-a11a788fd0e1\" round_no:1 room_id:\"9c7aedb1-fe97-4b90-84da-8c217da1b6af\" server_ts:1784468408356} game_id:\"liuzichong\"} cells:1 cells:1 cells:1 cells:1 cells:1 cells:0 cells:0 cells:1 cells:2 cells:0 cells:0 cells:2 cells:2 cells:2 cells:2 cells:2" source=pitaya
time="2026-07-19T21:40:08+08:00" level=debug msg="Type=PushToUsers Route=onBoardInit, Data=header:{meta:{audit_sn:7484602983041208320 action_seq:1 round_id:\"d9e63aaf-e319-4f26-a18a-a11a788fd0e1\" round_no:1 room_id:\"9c7aedb1-fe97-4b90-84da-8c217da1b6af\" server_ts:1784468408356} game_id:\"liuzichong\"} cells:1 cells:1 cells:1 cells:1 cells:1 cells:0 cells:0 cells:1 cells:2 cells:0 cells:0 cells:2 cells:2 cells:2 cells:2 cells:2, SvType=game, #Users=1" source=pitaya
time="2026-07-19T21:40:08+08:00" level=debug msg="pushing message to session" bytes=131 route=onBoardInit session_id=7 source=pitaya type=Push uid=2
time="2026-07-19T21:40:08+08:00" level=debug msg="Type=Broadcast Route=onTurnNotify, Data=header:{meta:{audit_sn:7484602983049596928 action_seq:2 round_id:\"d9e63aaf-e319-4f26-a18a-a11a788fd0e1\" round_no:1 room_id:\"9c7aedb1-fe97-4b90-84da-8c217da1b6af\" server_ts:1784468408358} game_id:\"liuzichong\"} timeout_ms:60000" source=pitaya
time="2026-07-19T21:40:08+08:00" level=debug msg="Type=PushToUsers Route=onTurnNotify, Data=header:{meta:{audit_sn:7484602983049596928 action_seq:2 round_id:\"d9e63aaf-e319-4f26-a18a-a11a788fd0e1\" round_no:1 room_id:\"9c7aedb1-fe97-4b90-84da-8c217da1b6af\" server_ts:1784468408358} game_id:\"liuzichong\"} timeout_ms:60000, SvType=game, #Users=1" source=pitaya
time="2026-07-19T21:40:08+08:00" level=debug msg="pushing message to session" bytes=117 route=onTurnNotify session_id=7 source=pitaya type=Push uid=2
time="2026-07-19T21:40:08+08:00" level=debug msg="Type=Broadcast Route=onRoomState, Data=header:{meta:{round_no:1 room_id:\"9c7aedb1-fe97-4b90-84da-8c217da1b6af\" server_ts:1784468408359} game_id:\"liuzichong\"} phase:PLAYING room_mode:ROOM_CARD players:{user_id:2 nickname:\"p2\" ready:true online:true} players:{user_id:9000000000000002 seat:1 nickname:\"bot_1\" ready:true online:true} round_no:1" source=pitaya
time="2026-07-19T21:40:08+08:00" level=debug msg="Type=PushToUsers Route=onRoomState, Data=header:{meta:{round_no:1 room_id:\"9c7aedb1-fe97-4b90-84da-8c217da1b6af\" server_ts:1784468408359} game_id:\"liuzichong\"} phase:PLAYING room_mode:ROOM_CARD players:{user_id:2 nickname:\"p2\" ready:true online:true} players:{user_id:9000000000000002 seat:1 nickname:\"bot_1\" ready:true online:true} round_no:1, SvType=game, #Users=1" source=pitaya
time="2026-07-19T21:40:08+08:00" level=debug msg="pushing message to session" bytes=105 route=onRoomState session_id=7 source=pitaya type=Push uid=2
time="2026-07-19T21:40:08+08:00" level=debug msg="responding message to session" bytes=0 mid=4 session_id=7 source=pitaya type=Push uid=2
time="2026-07-19T21:40:14+08:00" level=debug msg="SID=7, Data=\n$9c7aedb1-fe97-4b90-84da-8c217da1b6af\x10\x01 \x01(\x01" requestId=Q2pzrUDUHh47Kb6kqDRyuM route=game.liuzichong.move source=pitaya userId=2
time="2026-07-19T21:40:14+08:00" level=debug msg="Type=Broadcast Route=onMoveResult, Data=header:{meta:{audit_sn:7484603009259802624 action_seq:3 round_id:\"d9e63aaf-e319-4f26-a18a-a11a788fd0e1\" round_no:1 room_id:\"9c7aedb1-fe97-4b90-84da-8c217da1b6af\" server_ts:1784468414607} game_id:\"liuzichong\"} from_row:1 to_row:1 to_col:1 next_seat:1" source=pitaya
time="2026-07-19T21:40:14+08:00" level=debug msg="Type=PushToUsers Route=onMoveResult, Data=header:{meta:{audit_sn:7484603009259802624 action_seq:3 round_id:\"d9e63aaf-e319-4f26-a18a-a11a788fd0e1\" round_no:1 room_id:\"9c7aedb1-fe97-4b90-84da-8c217da1b6af\" server_ts:1784468414607} game_id:\"liuzichong\"} from_row:1 to_row:1 to_col:1 next_seat:1, SvType=game, #Users=1" source=pitaya
time="2026-07-19T21:40:14+08:00" level=debug msg="pushing message to session" bytes=121 route=onMoveResult session_id=7 source=pitaya type=Push uid=2
time="2026-07-19T21:40:14+08:00" level=debug msg="Type=Broadcast Route=onTurnNotify, Data=header:{meta:{audit_sn:7484603009268191232 action_seq:4 round_id:\"d9e63aaf-e319-4f26-a18a-a11a788fd0e1\" round_no:1 room_id:\"9c7aedb1-fe97-4b90-84da-8c217da1b6af\" server_ts:1784468414610} game_id:\"liuzichong\"} current_seat:1 timeout_ms:60000" source=pitaya
time="2026-07-19T21:40:14+08:00" level=debug msg="Type=PushToUsers Route=onTurnNotify, Data=header:{meta:{audit_sn:7484603009268191232 action_seq:4 round_id:\"d9e63aaf-e319-4f26-a18a-a11a788fd0e1\" round_no:1 room_id:\"9c7aedb1-fe97-4b90-84da-8c217da1b6af\" server_ts:1784468414610} game_id:\"liuzichong\"} current_seat:1 timeout_ms:60000, SvType=game, #Users=1" source=pitaya
time="2026-07-19T21:40:14+08:00" level=debug msg="pushing message to session" bytes=119 route=onTurnNotify session_id=7 source=pitaya type=Push uid=2
time="2026-07-19T21:40:14+08:00" level=debug msg="Type=Broadcast Route=onMoveResult, Data=header:{meta:{audit_sn:7484603009276579840 action_seq:5 round_id:\"d9e63aaf-e319-4f26-a18a-a11a788fd0e1\" round_no:1 room_id:\"9c7aedb1-fe97-4b90-84da-8c217da1b6af\" server_ts:1784468414611} game_id:\"liuzichong\"} seat:1 from_row:2 from_col:3 to_row:2 to_col:2" source=pitaya
time="2026-07-19T21:40:14+08:00" level=debug msg="Type=PushToUsers Route=onMoveResult, Data=header:{meta:{audit_sn:7484603009276579840 action_seq:5 round_id:\"d9e63aaf-e319-4f26-a18a-a11a788fd0e1\" round_no:1 room_id:\"9c7aedb1-fe97-4b90-84da-8c217da1b6af\" server_ts:1784468414611} game_id:\"liuzichong\"} seat:1 from_row:2 from_col:3 to_row:2 to_col:2, SvType=game, #Users=1" source=pitaya
time="2026-07-19T21:40:14+08:00" level=debug msg="pushing message to session" bytes=123 route=onMoveResult session_id=7 source=pitaya type=Push uid=2
time="2026-07-19T21:40:14+08:00" level=debug msg="Type=Broadcast Route=onTurnNotify, Data=header:{meta:{audit_sn:7484603009276579841 action_seq:6 round_id:\"d9e63aaf-e319-4f26-a18a-a11a788fd0e1\" round_no:1 room_id:\"9c7aedb1-fe97-4b90-84da-8c217da1b6af\" server_ts:1784468414612} game_id:\"liuzichong\"} timeout_ms:60000" source=pitaya
time="2026-07-19T21:40:14+08:00" level=debug msg="Type=PushToUsers Route=onTurnNotify, Data=header:{meta:{audit_sn:7484603009276579841 action_seq:6 round_id:\"d9e63aaf-e319-4f26-a18a-a11a788fd0e1\" round_no:1 room_id:\"9c7aedb1-fe97-4b90-84da-8c217da1b6af\" server_ts:1784468414612} game_id:\"liuzichong\"} timeout_ms:60000, SvType=game, #Users=1" source=pitaya
time="2026-07-19T21:40:14+08:00" level=debug msg="pushing message to session" bytes=117 route=onTurnNotify session_id=7 source=pitaya type=Push uid=2
time="2026-07-19T21:40:14+08:00" level=debug msg="responding message to session" bytes=14 mid=5 session_id=7 source=pitaya type=Push uid=2
time="2026-07-19T21:40:23+08:00" level=debug msg="SID=7, Data=\n$9c7aedb1-fe97-4b90-84da-8c217da1b6af\x18\x02 \x01(\x02" requestId=qYIebLoJwHc0asnPxLtByu route=game.liuzichong.move source=pitaya userId=2
time="2026-07-19T21:40:23+08:00" level=debug msg="Type=Broadcast Route=onMoveResult, Data=header:{meta:{audit_sn:7484603046060625920 action_seq:7 round_id:\"d9e63aaf-e319-4f26-a18a-a11a788fd0e1\" round_no:1 room_id:\"9c7aedb1-fe97-4b90-84da-8c217da1b6af\" server_ts:1784468423383} game_id:\"liuzichong\"} from_col:2 to_row:1 to_col:2 next_seat:1" source=pitaya
time="2026-07-19T21:40:23+08:00" level=debug msg="Type=PushToUsers Route=onMoveResult, Data=header:{meta:{audit_sn:7484603046060625920 action_seq:7 round_id:\"d9e63aaf-e319-4f26-a18a-a11a788fd0e1\" round_no:1 room_id:\"9c7aedb1-fe97-4b90-84da-8c217da1b6af\" server_ts:1784468423383} game_id:\"liuzichong\"} from_col:2 to_row:1 to_col:2 next_seat:1, SvType=game, #Users=1" source=pitaya
time="2026-07-19T21:40:23+08:00" level=debug msg="pushing message to session" bytes=121 route=onMoveResult session_id=7 source=pitaya type=Push uid=2
time="2026-07-19T21:40:23+08:00" level=debug msg="Type=Broadcast Route=onTurnNotify, Data=header:{meta:{audit_sn:7484603046073208832 action_seq:8 round_id:\"d9e63aaf-e319-4f26-a18a-a11a788fd0e1\" round_no:1 room_id:\"9c7aedb1-fe97-4b90-84da-8c217da1b6af\" server_ts:1784468423384} game_id:\"liuzichong\"} current_seat:1 timeout_ms:60000" source=pitaya
time="2026-07-19T21:40:23+08:00" level=debug msg="Type=PushToUsers Route=onTurnNotify, Data=header:{meta:{audit_sn:7484603046073208832 action_seq:8 round_id:\"d9e63aaf-e319-4f26-a18a-a11a788fd0e1\" round_no:1 room_id:\"9c7aedb1-fe97-4b90-84da-8c217da1b6af\" server_ts:1784468423384} game_id:\"liuzichong\"} current_seat:1 timeout_ms:60000, SvType=game, #Users=1" source=pitaya
time="2026-07-19T21:40:23+08:00" level=debug msg="pushing message to session" bytes=119 route=onTurnNotify session_id=7 source=pitaya type=Push uid=2
time="2026-07-19T21:40:23+08:00" level=debug msg="Type=Broadcast Route=onMoveResult, Data=header:{meta:{audit_sn:7484603046077403136 action_seq:9 round_id:\"d9e63aaf-e319-4f26-a18a-a11a788fd0e1\" round_no:1 room_id:\"9c7aedb1-fe97-4b90-84da-8c217da1b6af\" server_ts:1784468423385} game_id:\"liuzichong\"} seat:1 from_row:2 from_col:2 to_row:2 to_col:1" source=pitaya
time="2026-07-19T21:40:23+08:00" level=debug msg="Type=PushToUsers Route=onMoveResult, Data=header:{meta:{audit_sn:7484603046077403136 action_seq:9 round_id:\"d9e63aaf-e319-4f26-a18a-a11a788fd0e1\" round_no:1 room_id:\"9c7aedb1-fe97-4b90-84da-8c217da1b6af\" server_ts:1784468423385} game_id:\"liuzichong\"} seat:1 from_row:2 from_col:2 to_row:2 to_col:1, SvType=game, #Users=1" source=pitaya
time="2026-07-19T21:40:23+08:00" level=debug msg="pushing message to session" bytes=123 route=onMoveResult session_id=7 source=pitaya type=Push uid=2
time="2026-07-19T21:40:23+08:00" level=debug msg="Type=Broadcast Route=onTurnNotify, Data=header:{meta:{audit_sn:7484603046081597440 action_seq:10 round_id:\"d9e63aaf-e319-4f26-a18a-a11a788fd0e1\" round_no:1 room_id:\"9c7aedb1-fe97-4b90-84da-8c217da1b6af\" server_ts:1784468423386} game_id:\"liuzichong\"} timeout_ms:60000" source=pitaya
time="2026-07-19T21:40:23+08:00" level=debug msg="Type=PushToUsers Route=onTurnNotify, Data=header:{meta:{audit_sn:7484603046081597440 action_seq:10 round_id:\"d9e63aaf-e319-4f26-a18a-a11a788fd0e1\" round_no:1 room_id:\"9c7aedb1-fe97-4b90-84da-8c217da1b6af\" server_ts:1784468423386} game_id:\"liuzichong\"} timeout_ms:60000, SvType=game, #Users=1" source=pitaya
time="2026-07-19T21:40:23+08:00" level=debug msg="pushing message to session" bytes=117 route=onTurnNotify session_id=7 source=pitaya type=Push uid=2
time="2026-07-19T21:40:23+08:00" level=debug msg="responding message to session" bytes=14 mid=6 session_id=7 source=pitaya type=Push uid=2
time="2026-07-19T21:40:32+08:00" level=debug msg="SID=7, Data=\n$9c7aedb1-fe97-4b90-84da-8c217da1b6af\x18\x03(\x02" requestId=J7oGvwQDWytbhPnUkcQmZw route=game.liuzichong.move source=pitaya userId=2
time="2026-07-19T21:40:32+08:00" level=debug msg="Type=Broadcast Route=onMoveResult, Data=header:{meta:{audit_sn:7484603083176022016 action_seq:11 round_id:\"d9e63aaf-e319-4f26-a18a-a11a788fd0e1\" round_no:1 room_id:\"9c7aedb1-fe97-4b90-84da-8c217da1b6af\" server_ts:1784468432231} game_id:\"liuzichong\"} from_col:3 to_col:2 next_seat:1" source=pitaya
time="2026-07-19T21:40:32+08:00" level=debug msg="Type=PushToUsers Route=onMoveResult, Data=header:{meta:{audit_sn:7484603083176022016 action_seq:11 round_id:\"d9e63aaf-e319-4f26-a18a-a11a788fd0e1\" round_no:1 room_id:\"9c7aedb1-fe97-4b90-84da-8c217da1b6af\" server_ts:1784468432231} game_id:\"liuzichong\"} from_col:3 to_col:2 next_seat:1, SvType=game, #Users=1" source=pitaya
time="2026-07-19T21:40:32+08:00" level=debug msg="pushing message to session" bytes=119 route=onMoveResult session_id=7 source=pitaya type=Push uid=2
time="2026-07-19T21:40:32+08:00" level=debug msg="Type=Broadcast Route=onTurnNotify, Data=header:{meta:{audit_sn:7484603083184410624 action_seq:12 round_id:\"d9e63aaf-e319-4f26-a18a-a11a788fd0e1\" round_no:1 room_id:\"9c7aedb1-fe97-4b90-84da-8c217da1b6af\" server_ts:1784468432232} game_id:\"liuzichong\"} current_seat:1 timeout_ms:60000" source=pitaya
time="2026-07-19T21:40:32+08:00" level=debug msg="Type=PushToUsers Route=onTurnNotify, Data=header:{meta:{audit_sn:7484603083184410624 action_seq:12 round_id:\"d9e63aaf-e319-4f26-a18a-a11a788fd0e1\" round_no:1 room_id:\"9c7aedb1-fe97-4b90-84da-8c217da1b6af\" server_ts:1784468432232} game_id:\"liuzichong\"} current_seat:1 timeout_ms:60000, SvType=game, #Users=1" source=pitaya
time="2026-07-19T21:40:32+08:00" level=debug msg="pushing message to session" bytes=119 route=onTurnNotify session_id=7 source=pitaya type=Push uid=2
time="2026-07-19T21:40:32+08:00" level=debug msg="Type=Broadcast Route=onMoveResult, Data=header:{meta:{audit_sn:7484603083188604928 action_seq:13 round_id:\"d9e63aaf-e319-4f26-a18a-a11a788fd0e1\" round_no:1 room_id:\"9c7aedb1-fe97-4b90-84da-8c217da1b6af\" server_ts:1784468432233} game_id:\"liuzichong\"} seat:1 from_row:3 from_col:3 to_row:2 to_col:3" source=pitaya
time="2026-07-19T21:40:32+08:00" level=debug msg="Type=PushToUsers Route=onMoveResult, Data=header:{meta:{audit_sn:7484603083188604928 action_seq:13 round_id:\"d9e63aaf-e319-4f26-a18a-a11a788fd0e1\" round_no:1 room_id:\"9c7aedb1-fe97-4b90-84da-8c217da1b6af\" server_ts:1784468432233} game_id:\"liuzichong\"} seat:1 from_row:3 from_col:3 to_row:2 to_col:3, SvType=game, #Users=1" source=pitaya
time="2026-07-19T21:40:32+08:00" level=debug msg="pushing message to session" bytes=123 route=onMoveResult session_id=7 source=pitaya type=Push uid=2
time="2026-07-19T21:40:32+08:00" level=debug msg="Type=Broadcast Route=onTurnNotify, Data=header:{meta:{audit_sn:7484603083192799232 action_seq:14 round_id:\"d9e63aaf-e319-4f26-a18a-a11a788fd0e1\" round_no:1 room_id:\"9c7aedb1-fe97-4b90-84da-8c217da1b6af\" server_ts:1784468432234} game_id:\"liuzichong\"} timeout_ms:60000" source=pitaya
time="2026-07-19T21:40:32+08:00" level=debug msg="Type=PushToUsers Route=onTurnNotify, Data=header:{meta:{audit_sn:7484603083192799232 action_seq:14 round_id:\"d9e63aaf-e319-4f26-a18a-a11a788fd0e1\" round_no:1 room_id:\"9c7aedb1-fe97-4b90-84da-8c217da1b6af\" server_ts:1784468432234} game_id:\"liuzichong\"} timeout_ms:60000, SvType=game, #Users=1" source=pitaya
time="2026-07-19T21:40:32+08:00" level=debug msg="pushing message to session" bytes=117 route=onTurnNotify session_id=7 source=pitaya type=Push uid=2
time="2026-07-19T21:40:32+08:00" level=debug msg="responding message to session" bytes=14 mid=7 session_id=7 source=pitaya type=Push uid=2
time="2026-07-19T21:40:33+08:00" level=debug msg="Type=Broadcast Route=onSettlement, Data=header:{meta:{audit_sn:7484603089048047616 action_seq:3 round_id:\"c2b3a7cf-54e2-476d-90d7-f51eb8e42cc6\" round_no:1 room_id:\"1592c9b2-5800-4966-9e75-0bbfcc87de50\" server_ts:1784468433631} game_id:\"liuzichong\"} round_id:\"c2b3a7cf-54e2-476d-90d7-f51eb8e42cc6\" is_valid:true winner_id:9000000000000002 scores:{user_id:2 rule_score:-1} scores:{user_id:9000000000000002 seat:1 rule_score:1}" source=pitaya
time="2026-07-19T21:40:33+08:00" level=debug msg="Type=PushToUsers Route=onSettlement, Data=header:{meta:{audit_sn:7484603089048047616 action_seq:3 round_id:\"c2b3a7cf-54e2-476d-90d7-f51eb8e42cc6\" round_no:1 room_id:\"1592c9b2-5800-4966-9e75-0bbfcc87de50\" server_ts:1784468433631} game_id:\"liuzichong\"} round_id:\"c2b3a7cf-54e2-476d-90d7-f51eb8e42cc6\" is_valid:true winner_id:9000000000000002 scores:{user_id:2 rule_score:-1} scores:{user_id:9000000000000002 seat:1 rule_score:1}, SvType=game, #Users=1" source=pitaya
time="2026-07-19T21:40:33+08:00" level=debug msg="pushing message to session" bytes=192 route=onSettlement session_id=7 source=pitaya type=Push uid=2
time="2026-07-19T21:41:07+08:00" level=error msg="Error reading next available message" error="websocket: close 1005 (no status)" remote="[::1]:51972" session_id=7 source=pitaya uid=
time="2026-07-19T21:41:07+08:00" level=debug msg="Session closed" remote_addr="[::1]:51972" session_id=7 source=pitaya uid=2
time="2026-07-19T21:41:07+08:00" level=debug msg="Session read goroutine exit" remote="[::1]:51972" session_id=7 source=pitaya uid=
time="2026-07-19T21:41:07+08:00" level=debug msg="Session handle goroutine exit" session_id=7 source=pitaya uid=2
